I, [2013-09-14T19:43:06.451053 #25916]  INFO -- Kitchen: -----> Starting Kitchen (v1.0.0.beta.3)
E, [2013-09-14T19:43:06.451431 #25916] ERROR -- Kitchen: ------Exception-------
E, [2013-09-14T19:43:06.451491 #25916] ERROR -- Kitchen: Class: Kitchen::UserError
E, [2013-09-14T19:43:06.451545 #25916] ERROR -- Kitchen: Message: Kitchen YAML file /Users/someara/src/fqdn/.kitchen.yml does not exist.
E, [2013-09-14T19:43:06.451600 #25916] ERROR -- Kitchen: ------Backtrace-------
E, [2013-09-14T19:43:06.451648 #25916] ERROR -- Kitchen: /Users/someara/.gem/gems/test-kitchen-1.0.0.beta.3/lib/kitchen/loader/yaml.rb:59:in `read'
E, [2013-09-14T19:43:06.451679 #25916] ERROR -- Kitchen: /Users/someara/.gem/gems/test-kitchen-1.0.0.beta.3/lib/kitchen/config.rb:219:in `data'
E, [2013-09-14T19:43:06.451708 #25916] ERROR -- Kitchen: /Users/someara/.gem/gems/test-kitchen-1.0.0.beta.3/lib/kitchen/config.rb:70:in `suites'
E, [2013-09-14T19:43:06.451737 #25916] ERROR -- Kitchen: /Users/someara/.gem/gems/test-kitchen-1.0.0.beta.3/lib/kitchen/config.rb:119:in `build_instances'
E, [2013-09-14T19:43:06.451766 #25916] ERROR -- Kitchen: /Users/someara/.gem/gems/test-kitchen-1.0.0.beta.3/lib/kitchen/config.rb:76:in `instances'
E, [2013-09-14T19:43:06.451795 #25916] ERROR -- Kitchen: /Users/someara/.gem/gems/test-kitchen-1.0.0.beta.3/lib/kitchen/cli.rb:312:in `get_filtered_instances'
E, [2013-09-14T19:43:06.451824 #25916] ERROR -- Kitchen: /Users/someara/.gem/gems/test-kitchen-1.0.0.beta.3/lib/kitchen/cli.rb:291:in `parse_subcommand'
E, [2013-09-14T19:43:06.451853 #25916] ERROR -- Kitchen: /Users/someara/.gem/gems/test-kitchen-1.0.0.beta.3/lib/kitchen/cli.rb:109:in `block in test'
E, [2013-09-14T19:43:06.451882 #25916] ERROR -- Kitchen: /opt/chef/embedded/lib/ruby/1.9.1/benchmark.rb:280:in `measure'
E, [2013-09-14T19:43:06.451911 #25916] ERROR -- Kitchen: /Users/someara/.gem/gems/test-kitchen-1.0.0.beta.3/lib/kitchen/cli.rb:105:in `test'
E, [2013-09-14T19:43:06.451939 #25916] ERROR -- Kitchen: /Users/someara/.gem/gems/thor-0.18.1/lib/thor/command.rb:27:in `run'
E, [2013-09-14T19:43:06.451967 #25916] ERROR -- Kitchen: /Users/someara/.gem/gems/thor-0.18.1/lib/thor/invocation.rb:120:in `invoke_command'
E, [2013-09-14T19:43:06.451995 #25916] ERROR -- Kitchen: /Users/someara/.gem/gems/test-kitchen-1.0.0.beta.3/lib/kitchen/cli.rb:256:in `invoke_task'
E, [2013-09-14T19:43:06.452024 #25916] ERROR -- Kitchen: /Users/someara/.gem/gems/thor-0.18.1/lib/thor.rb:363:in `dispatch'
E, [2013-09-14T19:43:06.452052 #25916] ERROR -- Kitchen: /Users/someara/.gem/gems/thor-0.18.1/lib/thor/base.rb:439:in `start'
E, [2013-09-14T19:43:06.452080 #25916] ERROR -- Kitchen: /Users/someara/.gem/gems/test-kitchen-1.0.0.beta.3/bin/kitchen:13:in `block in <top (required)>'
E, [2013-09-14T19:43:06.452109 #25916] ERROR -- Kitchen: /Users/someara/.gem/gems/test-kitchen-1.0.0.beta.3/lib/kitchen/errors.rb:81:in `with_friendly_errors'
E, [2013-09-14T19:43:06.452137 #25916] ERROR -- Kitchen: /Users/someara/.gem/gems/test-kitchen-1.0.0.beta.3/bin/kitchen:13:in `<top (required)>'
E, [2013-09-14T19:43:06.452166 #25916] ERROR -- Kitchen: /Users/someara/.gem/bin/kitchen:23:in `load'
E, [2013-09-14T19:43:06.452194 #25916] ERROR -- Kitchen: /Users/someara/.gem/bin/kitchen:23:in `<main>'
E, [2013-09-14T19:43:06.452222 #25916] ERROR -- Kitchen: ----------------------
I, [2013-09-14T19:45:09.526913 #26016]  INFO -- Kitchen: -----> Starting Kitchen (v1.0.0.beta.3)
E, [2013-09-14T19:45:09.527214 #26016] ERROR -- Kitchen: ------Exception-------
E, [2013-09-14T19:45:09.527254 #26016] ERROR -- Kitchen: Class: Kitchen::UserError
E, [2013-09-14T19:45:09.527284 #26016] ERROR -- Kitchen: Message: Kitchen YAML file /Users/someara/src/fqdn/.kitchen.yml does not exist.
E, [2013-09-14T19:45:09.527312 #26016] ERROR -- Kitchen: ------Backtrace-------
E, [2013-09-14T19:45:09.527340 #26016] ERROR -- Kitchen: /Users/someara/.gem/gems/test-kitchen-1.0.0.beta.3/lib/kitchen/loader/yaml.rb:59:in `read'
E, [2013-09-14T19:45:09.527368 #26016] ERROR -- Kitchen: /Users/someara/.gem/gems/test-kitchen-1.0.0.beta.3/lib/kitchen/config.rb:219:in `data'
E, [2013-09-14T19:45:09.527422 #26016] ERROR -- Kitchen: /Users/someara/.gem/gems/test-kitchen-1.0.0.beta.3/lib/kitchen/config.rb:70:in `suites'
E, [2013-09-14T19:45:09.527453 #26016] ERROR -- Kitchen: /Users/someara/.gem/gems/test-kitchen-1.0.0.beta.3/lib/kitchen/config.rb:119:in `build_instances'
E, [2013-09-14T19:45:09.527481 #26016] ERROR -- Kitchen: /Users/someara/.gem/gems/test-kitchen-1.0.0.beta.3/lib/kitchen/config.rb:76:in `instances'
E, [2013-09-14T19:45:09.527509 #26016] ERROR -- Kitchen: /Users/someara/.gem/gems/test-kitchen-1.0.0.beta.3/lib/kitchen/cli.rb:312:in `get_filtered_instances'
E, [2013-09-14T19:45:09.527536 #26016] ERROR -- Kitchen: /Users/someara/.gem/gems/test-kitchen-1.0.0.beta.3/lib/kitchen/cli.rb:291:in `parse_subcommand'
E, [2013-09-14T19:45:09.527564 #26016] ERROR -- Kitchen: /Users/someara/.gem/gems/test-kitchen-1.0.0.beta.3/lib/kitchen/cli.rb:109:in `block in test'
E, [2013-09-14T19:45:09.527591 #26016] ERROR -- Kitchen: /opt/chef/embedded/lib/ruby/1.9.1/benchmark.rb:280:in `measure'
E, [2013-09-14T19:45:09.527618 #26016] ERROR -- Kitchen: /Users/someara/.gem/gems/test-kitchen-1.0.0.beta.3/lib/kitchen/cli.rb:105:in `test'
E, [2013-09-14T19:45:09.527646 #26016] ERROR -- Kitchen: /Users/someara/.gem/gems/thor-0.18.1/lib/thor/command.rb:27:in `run'
E, [2013-09-14T19:45:09.527673 #26016] ERROR -- Kitchen: /Users/someara/.gem/gems/thor-0.18.1/lib/thor/invocation.rb:120:in `invoke_command'
E, [2013-09-14T19:45:09.527700 #26016] ERROR -- Kitchen: /Users/someara/.gem/gems/test-kitchen-1.0.0.beta.3/lib/kitchen/cli.rb:256:in `invoke_task'
E, [2013-09-14T19:45:09.527727 #26016] ERROR -- Kitchen: /Users/someara/.gem/gems/thor-0.18.1/lib/thor.rb:363:in `dispatch'
E, [2013-09-14T19:45:09.527755 #26016] ERROR -- Kitchen: /Users/someara/.gem/gems/thor-0.18.1/lib/thor/base.rb:439:in `start'
E, [2013-09-14T19:45:09.527782 #26016] ERROR -- Kitchen: /Users/someara/.gem/gems/test-kitchen-1.0.0.beta.3/bin/kitchen:13:in `block in <top (required)>'
E, [2013-09-14T19:45:09.527809 #26016] ERROR -- Kitchen: /Users/someara/.gem/gems/test-kitchen-1.0.0.beta.3/lib/kitchen/errors.rb:81:in `with_friendly_errors'
E, [2013-09-14T19:45:09.527836 #26016] ERROR -- Kitchen: /Users/someara/.gem/gems/test-kitchen-1.0.0.beta.3/bin/kitchen:13:in `<top (required)>'
E, [2013-09-14T19:45:09.527863 #26016] ERROR -- Kitchen: /Users/someara/.gem/bin/kitchen:23:in `load'
E, [2013-09-14T19:45:09.527890 #26016] ERROR -- Kitchen: /Users/someara/.gem/bin/kitchen:23:in `<main>'
E, [2013-09-14T19:45:09.527918 #26016] ERROR -- Kitchen: ----------------------
I, [2013-12-21T20:19:07.849021 #47096]  INFO -- Kitchen: -----> Starting Kitchen (v1.0.0)
I, [2013-12-21T20:19:08.793784 #47096]  INFO -- Kitchen: -----> Cleaning up any prior instances of <default-centos-58>
I, [2013-12-21T20:19:08.794194 #47096]  INFO -- Kitchen: -----> Destroying <default-centos-58>...
I, [2013-12-21T20:19:08.802345 #47096]  INFO -- Kitchen: -----> Testing <default-centos-58>
I, [2013-12-21T20:19:08.802515 #47096]  INFO -- Kitchen: -----> Creating <default-centos-58>...
I, [2013-12-21T20:20:15.524922 #47096]  INFO -- Kitchen: -----> Converging <default-centos-58>...
I, [2013-12-21T20:20:36.800911 #47096]  INFO -- Kitchen: -----> Setting up <default-centos-58>...
I, [2013-12-21T20:20:36.804410 #47096]  INFO -- Kitchen: -----> Verifying <default-centos-58>...
I, [2013-12-21T20:20:36.806678 #47096]  INFO -- Kitchen: -----> Destroying <default-centos-58>...
I, [2013-12-21T20:20:37.800190 #47096]  INFO -- Kitchen: -----> Cleaning up any prior instances of <default-centos-64>
I, [2013-12-21T20:20:37.800424 #47096]  INFO -- Kitchen: -----> Destroying <default-centos-64>...
I, [2013-12-21T20:20:37.801296 #47096]  INFO -- Kitchen: -----> Testing <default-centos-64>
I, [2013-12-21T20:20:37.801455 #47096]  INFO -- Kitchen: -----> Creating <default-centos-64>...
I, [2013-12-21T20:22:15.856001 #47096]  INFO -- Kitchen: -----> Converging <default-centos-64>...
I, [2013-12-21T20:22:41.975997 #47096]  INFO -- Kitchen: -----> Setting up <default-centos-64>...
I, [2013-12-21T20:22:41.978365 #47096]  INFO -- Kitchen: -----> Verifying <default-centos-64>...
I, [2013-12-21T20:22:41.980042 #47096]  INFO -- Kitchen: -----> Destroying <default-centos-64>...
I, [2013-12-21T20:22:42.918973 #47096]  INFO -- Kitchen: -----> Cleaning up any prior instances of <default-amazon-201309>
I, [2013-12-21T20:22:42.919210 #47096]  INFO -- Kitchen: -----> Destroying <default-amazon-201309>...
I, [2013-12-21T20:22:42.920137 #47096]  INFO -- Kitchen: -----> Testing <default-amazon-201309>
I, [2013-12-21T20:22:42.920318 #47096]  INFO -- Kitchen: -----> Creating <default-amazon-201309>...
I, [2013-12-21T20:24:19.115039 #47096]  INFO -- Kitchen: -----> Converging <default-amazon-201309>...
I, [2013-12-21T20:24:43.735348 #47096]  INFO -- Kitchen: -----> Setting up <default-amazon-201309>...
I, [2013-12-21T20:24:43.737607 #47096]  INFO -- Kitchen: -----> Verifying <default-amazon-201309>...
I, [2013-12-21T20:24:43.739653 #47096]  INFO -- Kitchen: -----> Destroying <default-amazon-201309>...
I, [2013-12-21T20:24:44.685978 #47096]  INFO -- Kitchen: -----> Cleaning up any prior instances of <default-fedora-19>
I, [2013-12-21T20:24:44.686227 #47096]  INFO -- Kitchen: -----> Destroying <default-fedora-19>...
I, [2013-12-21T20:24:44.687176 #47096]  INFO -- Kitchen: -----> Testing <default-fedora-19>
I, [2013-12-21T20:24:44.687340 #47096]  INFO -- Kitchen: -----> Creating <default-fedora-19>...
I, [2013-12-21T20:25:30.596486 #47096]  INFO -- Kitchen: -----> Converging <default-fedora-19>...
I, [2013-12-21T20:25:44.462836 #47096]  INFO -- Kitchen: -----> Setting up <default-fedora-19>...
I, [2013-12-21T20:25:44.465849 #47096]  INFO -- Kitchen: -----> Verifying <default-fedora-19>...
I, [2013-12-21T20:25:44.468147 #47096]  INFO -- Kitchen: -----> Destroying <default-fedora-19>...
I, [2013-12-21T20:25:45.718158 #47096]  INFO -- Kitchen: -----> Cleaning up any prior instances of <default-ubuntu-1004>
I, [2013-12-21T20:25:45.718386 #47096]  INFO -- Kitchen: -----> Destroying <default-ubuntu-1004>...
I, [2013-12-21T20:25:45.719707 #47096]  INFO -- Kitchen: -----> Testing <default-ubuntu-1004>
I, [2013-12-21T20:25:45.719990 #47096]  INFO -- Kitchen: -----> Creating <default-ubuntu-1004>...
I, [2013-12-21T20:26:27.161527 #47096]  INFO -- Kitchen: -----> Converging <default-ubuntu-1004>...
E, [2013-12-21T20:26:44.117116 #47096] ERROR -- Kitchen: Converge failed on instance <default-ubuntu-1004>.
I, [2013-12-21T20:38:07.192289 #47440]  INFO -- Kitchen: -----> Starting Kitchen (v1.0.0)
I, [2013-12-21T20:38:08.303583 #47440]  INFO -- Kitchen: -----> Destroying <default-centos-58>...
I, [2013-12-21T20:38:08.308975 #47440]  INFO -- Kitchen: -----> Destroying <default-centos-64>...
I, [2013-12-21T20:38:08.310187 #47440]  INFO -- Kitchen: -----> Destroying <default-amazon-201309>...
I, [2013-12-21T20:38:08.311197 #47440]  INFO -- Kitchen: -----> Destroying <default-fedora-19>...
I, [2013-12-21T20:38:08.312473 #47440]  INFO -- Kitchen: -----> Destroying <default-ubuntu-1004>...
I, [2013-12-21T20:38:10.887615 #47440]  INFO -- Kitchen: -----> Destroying <default-ubuntu-1204>...
I, [2013-12-21T20:38:10.889753 #47440]  INFO -- Kitchen: -----> Destroying <default-ubuntu-1304>...
I, [2013-12-21T20:38:10.890993 #47440]  INFO -- Kitchen: -----> Destroying <default-ubuntu-1310>...
I, [2013-12-21T20:38:10.891989 #47440]  INFO -- Kitchen: -----> Kitchen is finished. (0m3.70s)
I, [2013-12-21T20:41:07.153236 #47445]  INFO -- Kitchen: -----> Starting Kitchen (v1.0.0)
I, [2013-12-21T20:41:08.136537 #47445]  INFO -- Kitchen: -----> Creating <default-centos-58>...
I, [2013-12-21T20:42:09.704807 #47445]  INFO -- Kitchen: -----> Converging <default-centos-58>...
I, [2013-12-21T20:42:38.430738 #47445]  INFO -- Kitchen: -----> Kitchen is finished. (1m31.28s)
I, [2013-12-21T20:50:57.231890 #47525]  INFO -- Kitchen: -----> Starting Kitchen (v1.0.0)
I, [2013-12-21T20:50:58.332729 #47525]  INFO -- Kitchen: -----> Destroying <default-centos-58>...
I, [2013-12-21T20:51:01.356201 #47525]  INFO -- Kitchen: -----> Kitchen is finished. (0m4.12s)
I, [2013-12-21T21:05:48.655553 #47547]  INFO -- Kitchen: -----> Starting Kitchen (v1.0.0)
I, [2013-12-21T21:05:49.497766 #47547]  INFO -- Kitchen: -----> Creating <default-centos-64>...
I, [2013-12-21T21:06:39.330842 #47547]  INFO -- Kitchen: -----> Converging <default-centos-64>...
I, [2013-12-21T21:06:58.905058 #47547]  INFO -- Kitchen: -----> Kitchen is finished. (1m10.25s)
I, [2013-12-21T22:07:37.697513 #47959]  INFO -- Kitchen: -----> Starting Kitchen (v1.0.0)
I, [2013-12-21T22:07:38.520417 #47959]  INFO -- Kitchen: -----> Destroying <default-centos-58>...
I, [2013-12-21T22:07:38.528422 #47959]  INFO -- Kitchen: -----> Destroying <default-centos-64>...
I, [2013-12-21T22:07:39.770014 #47959]  INFO -- Kitchen: -----> Destroying <default-amazon-201309>...
I, [2013-12-21T22:07:39.771599 #47959]  INFO -- Kitchen: -----> Destroying <default-fedora-19>...
I, [2013-12-21T22:07:39.773120 #47959]  INFO -- Kitchen: -----> Destroying <default-ubuntu-1004>...
I, [2013-12-21T22:07:39.774050 #47959]  INFO -- Kitchen: -----> Destroying <default-ubuntu-1204>...
I, [2013-12-21T22:07:39.775319 #47959]  INFO -- Kitchen: -----> Destroying <default-ubuntu-1304>...
I, [2013-12-21T22:07:39.777004 #47959]  INFO -- Kitchen: -----> Destroying <default-ubuntu-1310>...
I, [2013-12-21T22:07:39.778715 #47959]  INFO -- Kitchen: -----> Kitchen is finished. (0m2.08s)
